<?xml version="1.0" encoding="UTF-8"?>
<!-- Generated by org.testng.reporters.JUnitXMLReporter -->
<testsuite ignored="2" hostname="DESKTOP-JHTNLOE" failures="0" tests="5" name="Car Loan" time="0.235" errors="0" timestamp="2024-02-20T10:47:07 ART">
  <testcase classname="test.day3" name="MobileLoginCarloan" time="0.004"/>
  <testcase classname="test.day3" name="MobileSignoutCarloan" time="0.008"/>
  <testcase classname="test.day3" name="MobileSignoutCarloan" time="0.019"/>
  <testcase classname="test.day3" name="MobileSignoutCarloan" time="0.003"/>
  <testcase classname="test.day3" name="WebloginCarloan" time="0.007"/>
  <testcase classname="test.day3" name="MobileSigninCarloan" time="0.0">
    <ignored/>
  </testcase> <!-- MobileSigninCarloan -->
  <testcase classname="test.day3" name="APIcarLoan" time="0.0">
    <ignored/>
  </testcase> <!-- APIcarLoan -->
</testsuite> <!-- Car Loan -->
