<?xml version="1.0" encoding="UTF-8"?>
<!-- Generated by org.testng.reporters.JUnitXMLReporter -->
<testsuite ignored="4" hostname="DESKTOP-JHTNLOE" failures="0" tests="7" name="Regression" time="0.234" errors="0" timestamp="2024-02-20T08:43:49 ART">
  <testcase classname="test.day1" name="Demo" time="0.011"/>
  <testcase classname="test.day1" name="SecondTest" time="0.01"/>
  <testcase classname="test.day3" name="MobileSignoutCarloan" time="0.016"/>
  <testcase classname="test.day3" name="WebloginCarloan" time="0.013"/>
  <testcase classname="test.day3" name="APIcarLoan" time="0.007"/>
  <testcase classname="test.day4" name="LoginAPIcarLoan" time="0.004"/>
  <testcase classname="test.day4" name="WebloginCarloan" time="0.008"/>
  <testcase classname="test.day3" name="MobileSigninCarloan" time="0.0">
    <ignored/>
  </testcase> <!-- MobileSigninCarloan -->
  <testcase classname="test.day4" name="MobileLoginCarloan" time="0.0">
    <ignored/>
  </testcase> <!-- MobileLoginCarloan -->
  <testcase classname="test.day3" name="MobileLoginCarloan" time="0.0">
    <ignored/>
  </testcase> <!-- MobileLoginCarloan -->
  <testcase classname="test.day2" name="ploan" time="0.0">
    <ignored/>
  </testcase> <!-- ploan -->
</testsuite> <!-- Regression -->
