<?xml version="1.0" encoding="UTF-8"?>
<testng-results ignored="0" total="1" passed="1" failed="0" skipped="0">
  <reporter-output>
  </reporter-output>
  <suite started-at="2024-02-18T11:46:41 ART" name="Default suite" finished-at="2024-02-18T11:46:41 ART" duration-ms="87">
    <groups>
    </groups>
    <test started-at="2024-02-18T11:46:41 ART" name="Default test" finished-at="2024-02-18T11:46:41 ART" duration-ms="87">
      <class name="test.day1">
        <test-method signature="Demo()[pri:0, instance:test.day1@38c6f217]" started-at="2024-02-18T11:46:41 ART" name="Demo" finished-at="2024-02-18T11:46:41 ART" duration-ms="18" status="PASS">
          <reporter-output>
          </reporter-output>
        </test-method> <!-- Demo -->
      </class> <!-- test.day1 -->
    </test> <!-- Default test -->
  </suite> <!-- Default suite -->
</testng-results>
