<?xml version="1.0" encoding="UTF-8"?>
<testng-results ignored="0" total="1" passed="1" failed="0" skipped="0">
  <reporter-output>
  </reporter-output>
  <suite started-at="2024-02-08T17:46:43 ART" name="Default suite" finished-at="2024-02-08T17:46:43 ART" duration-ms="82">
    <groups>
    </groups>
    <test started-at="2024-02-08T17:46:43 ART" name="Default test" finished-at="2024-02-08T17:46:43 ART" duration-ms="82">
      <class name="test1">
        <test-method signature="StreamCollect()[pri:0, instance:test1@5158b42f]" started-at="2024-02-08T17:46:43 ART" name="StreamCollect" finished-at="2024-02-08T17:46:43 ART" duration-ms="19" status="PASS">
          <reporter-output>
          </reporter-output>
        </test-method> <!-- StreamCollect -->
      </class> <!-- test1 -->
    </test> <!-- Default test -->
  </suite> <!-- Default suite -->
</testng-results>
