<?xml version="1.0" encoding="UTF-8"?>
<testng-results ignored="0" total="1" passed="1" failed="0" skipped="0">
  <reporter-output>
  </reporter-output>
  <suite started-at="2024-02-20T12:31:14 ART" name="Default suite" finished-at="2024-02-20T12:31:14 ART" duration-ms="85">
    <groups>
    </groups>
    <test started-at="2024-02-20T12:31:14 ART" name="Default test" finished-at="2024-02-20T12:31:14 ART" duration-ms="85">
      <class name="PS1">
        <test-method is-config="true" signature="beforeRun()[pri:0, instance:PS1@36902638]" started-at="2024-02-20T12:31:14 ART" name="beforeRun" finished-at="2024-02-20T12:31:14 ART" duration-ms="10" status="PASS">
          <reporter-output>
          </reporter-output>
        </test-method> <!-- beforeRun -->
        <test-method signature="testRun()[pri:0, instance:PS1@36902638]" started-at="2024-02-20T12:31:14 ART" name="testRun" finished-at="2024-02-20T12:31:14 ART" duration-ms="12" status="PASS">
          <reporter-output>
          </reporter-output>
        </test-method> <!-- testRun -->
        <test-method is-config="true" signature="afterRun()[pri:0, instance:PS1@36902638]" started-at="2024-02-20T12:31:14 ART" name="afterRun" finished-at="2024-02-20T12:31:14 ART" duration-ms="2" status="PASS">
          <reporter-output>
          </reporter-output>
        </test-method> <!-- afterRun -->
      </class> <!-- PS1 -->
    </test> <!-- Default test -->
  </suite> <!-- Default suite -->
</testng-results>
