<?xml version="1.0" encoding="UTF-8"?>
<testng-results ignored="0" total="1" passed="1" failed="0" skipped="0">
  <reporter-output>
  </reporter-output>
  <suite started-at="2024-02-26T09:54:10 ART" name="Default suite" finished-at="2024-02-26T09:54:24 ART" duration-ms="14421">
    <groups>
    </groups>
    <test started-at="2024-02-26T09:54:10 ART" name="Default test" finished-at="2024-02-26T09:54:24 ART" duration-ms="14421">
      <class name="rahulshettyacademy.ExtentReports.ExtentReportDemo">
        <test-method is-config="true" signature="config()[pri:0, instance:rahulshettyacademy.ExtentReports.ExtentReportDemo@51399530]" started-at="2024-02-26T09:54:10 ART" name="config" finished-at="2024-02-26T09:54:10 ART" duration-ms="409" status="PASS">
          <reporter-output>
          </reporter-output>
        </test-method> <!-- config -->
        <test-method signature="initialDemo()[pri:0, instance:rahulshettyacademy.ExtentReports.ExtentReportDemo@51399530]" started-at="2024-02-26T09:54:10 ART" name="initialDemo" finished-at="2024-02-26T09:54:24 ART" duration-ms="13942" status="PASS">
          <reporter-output>
          </reporter-output>
        </test-method> <!-- initialDemo -->
      </class> <!-- rahulshettyacademy.ExtentReports.ExtentReportDemo -->
    </test> <!-- Default test -->
  </suite> <!-- Default suite -->
</testng-results>
