<?xml version="1.0" encoding="UTF-8"?>
<!-- Generated by org.testng.reporters.JUnitXMLReporter -->
<testsuite ignored="1" hostname="DESKTOP-JHTNLOE" failures="0" tests="4" name="Car Loan" time="0.036" errors="0" timestamp="2024-02-18T13:31:23 ART">
  <testcase classname="test.day3" name="MobileLoginCarloan" time="0.003"/>
  <testcase classname="test.day3" name="MobileSigninCarloan" time="0.003"/>
  <testcase classname="test.day3" name="MobileSignoutCarloan" time="0.003"/>
  <testcase classname="test.day3" name="WebloginCarloan" time="0.002"/>
  <testcase classname="test.day3" name="APIcarLoan" time="0.0">
    <ignored/>
  </testcase> <!-- APIcarLoan -->
</testsuite> <!-- Car Loan -->
