<?xml version="1.0" encoding="UTF-8"?>
<!-- Generated by org.testng.reporters.JUnitXMLReporter -->
<testsuite ignored="1" hostname="DESKTOP-JHTNLOE" failures="0" tests="5" name="Personal Loan" time="0.159" errors="0" timestamp="2024-02-18T13:31:22 ART">
  <testcase classname="test.day1" name="Demo" time="0.011"/>
  <testcase classname="test.day2" name="ploan" time="0.007"/>
  <testcase classname="test.day4" name="LoginAPIcarLoan" time="0.004"/>
  <testcase classname="test.day4" name="MobileLoginCarloan" time="0.005"/>
  <testcase classname="test.day4" name="WebloginCarloan" time="0.009"/>
  <testcase classname="test.day1" name="SecondTest" time="0.0">
    <ignored/>
  </testcase> <!-- SecondTest -->
</testsuite> <!-- Personal Loan -->
